<?xml version="1.0" encoding="UTF-8" standalone="no"?>
<!DOCTYPE log SYSTEM "logger.dtd">
<log>
<record>
  <date>2015-03-11T21:05:41</date>
  <millis>1426122341782</millis>
  <sequence>0</sequence>
  <logger>dssat.DSSATMain</logger>
  <level>ALL</level>
  <class>dssat.DSSATMain</class>
  <method>initLogger</method>
  <thread>15</thread>
  <message>Initializing all the Components of the Application....</message>
</record>
<record>
  <date>2015-03-11T21:05:42</date>
  <millis>1426122342853</millis>
  <sequence>1</sequence>
  <logger>dssat.DSSATMain</logger>
  <level>ALL</level>
  <class>dssat.DSSATMain</class>
  <method>initTextFields</method>
  <thread>15</thread>
  <message>Initialized planting Date ....</message>
</record>
<record>
  <date>2015-03-11T21:05:42</date>
  <millis>1426122342853</millis>
  <sequence>2</sequence>
  <logger>dssat.DSSATMain</logger>
  <level>ALL</level>
  <class>dssat.DSSATMain</class>
  <method>initGlobalDBInfo</method>
  <thread>15</thread>
  <message>Initializing Global Data information....</message>
</record>
<record>
  <date>2015-03-11T21:05:42</date>
  <millis>1426122342859</millis>
  <sequence>3</sequence>
  <logger>dssat.DSSATMain</logger>
  <level>ALL</level>
  <class>dssat.CSVFileHandler</class>
  <method>getCountyList_GlobalDB</method>
  <thread>15</thread>
  <message>Getting the Centroid Information from countries_centroid.csv file.</message>
</record>
<record>
  <date>2015-03-11T21:05:42</date>
  <millis>1426122342881</millis>
  <sequence>4</sequence>
  <logger>dssat.DSSATMain</logger>
  <level>ALL</level>
  <class>dssat.CSVFileHandler</class>
  <method>getCountyList_GlobalDB</method>
  <thread>15</thread>
  <message>Successfully retrieved the list of Counties.</message>
</record>
<record>
  <date>2015-03-11T21:05:42</date>
  <millis>1426122342882</millis>
  <sequence>5</sequence>
  <logger>dssat.DSSATMain</logger>
  <level>ALL</level>
  <class>dssat.DSSATMain</class>
  <method>countyNameGlobalActionPerformed</method>
  <thread>15</thread>
  <message>Method Name:countyNameGlobalActionPerformedInitializing information based on county Name.</message>
</record>
<record>
  <date>2015-03-11T21:05:42</date>
  <millis>1426122342913</millis>
  <sequence>6</sequence>
  <logger>dssat.DSSATMain</logger>
  <level>ALL</level>
  <class>dssat.DSSATMain</class>
  <method>initGlobalDBInfo</method>
  <thread>15</thread>
  <message>Added the county names.</message>
</record>
<record>
  <date>2015-03-11T21:05:42</date>
  <millis>1426122342924</millis>
  <sequence>7</sequence>
  <logger>dssat.DSSATMain</logger>
  <level>ALL</level>
  <class>dssat.DSSATMain</class>
  <method>initGlobalDBInfo</method>
  <thread>15</thread>
  <message>Initialized Fawn Weather stations.</message>
</record>
<record>
  <date>2015-03-11T21:05:42</date>
  <millis>1426122342924</millis>
  <sequence>8</sequence>
  <logger>dssat.DSSATMain</logger>
  <level>ALL</level>
  <class>dssat.DSSATMain</class>
  <method>initGlobalDBInfo</method>
  <thread>15</thread>
  <message>Initialized Global Data information....</message>
</record>
<record>
  <date>2015-03-11T21:05:42</date>
  <millis>1426122342924</millis>
  <sequence>9</sequence>
  <logger>dssat.DSSATMain</logger>
  <level>ALL</level>
  <class>dssat.DSSATMain</class>
  <method>initSoilInfo</method>
  <thread>15</thread>
  <message>Initializing soil information....</message>
</record>
<record>
  <date>2015-03-11T21:05:42</date>
  <millis>1426122342947</millis>
  <sequence>10</sequence>
  <logger>dssat.DSSATMain</logger>
  <level>ALL</level>
  <class>dssat.DSSATMain</class>
  <method>initSoilInfo</method>
  <thread>15</thread>
  <message>Initialized soil information....</message>
</record>
<record>
  <date>2015-03-11T21:05:42</date>
  <millis>1426122342947</millis>
  <sequence>11</sequence>
  <logger>dssat.DSSATMain</logger>
  <level>ALL</level>
  <class>dssat.DSSATMain</class>
  <method>initCropInfo</method>
  <thread>15</thread>
  <message>Initializing crop information.</message>
</record>
<record>
  <date>2015-03-11T21:05:42</date>
  <millis>1426122342949</millis>
  <sequence>12</sequence>
  <logger>dssat.DSSATMain</logger>
  <level>ALL</level>
  <class>dssat.DSSATMain</class>
  <method>initCultivar</method>
  <thread>15</thread>
  <message>Initializing cultivar information.</message>
</record>
<record>
  <date>2015-03-11T21:05:42</date>
  <millis>1426122342957</millis>
  <sequence>13</sequence>
  <logger>dssat.DSSATMain</logger>
  <level>ALL</level>
  <class>dssat.DSSATMain</class>
  <method>initCultivar</method>
  <thread>15</thread>
  <message>Initialized cultivar information.</message>
</record>
<record>
  <date>2015-03-11T21:05:42</date>
  <millis>1426122342958</millis>
  <sequence>14</sequence>
  <logger>dssat.DSSATMain</logger>
  <level>ALL</level>
  <class>dssat.DSSATMain</class>
  <method>initCropInfo</method>
  <thread>15</thread>
  <message>Initialized crop information.</message>
</record>
<record>
  <date>2015-03-11T21:05:42</date>
  <millis>1426122342958</millis>
  <sequence>15</sequence>
  <logger>dssat.DSSATMain</logger>
  <level>ALL</level>
  <class>dssat.DSSATMain</class>
  <method>initCultivar</method>
  <thread>15</thread>
  <message>Initializing cultivar information.</message>
</record>
<record>
  <date>2015-03-11T21:05:42</date>
  <millis>1426122342960</millis>
  <sequence>16</sequence>
  <logger>dssat.DSSATMain</logger>
  <level>ALL</level>
  <class>dssat.DSSATMain</class>
  <method>initCultivar</method>
  <thread>15</thread>
  <message>Initialized cultivar information.</message>
</record>
<record>
  <date>2015-03-11T21:05:42</date>
  <millis>1426122342963</millis>
  <sequence>17</sequence>
  <logger>dssat.DSSATMain</logger>
  <level>ALL</level>
  <class>dssat.DSSATMain</class>
  <method>initFertInfo</method>
  <thread>15</thread>
  <message>Initializing fertilization information.</message>
</record>
<record>
  <date>2015-03-11T21:05:42</date>
  <millis>1426122342963</millis>
  <sequence>18</sequence>
  <logger>dssat.DSSATMain</logger>
  <level>ALL</level>
  <class>dssat.DSSATMain</class>
  <method>initFertInfo</method>
  <thread>15</thread>
  <message>Initializing Fertilizer info from D:\Coding-Projects\DSSAT_Work\DSSATProject\DSSAT\src\properties\csv\\dssat_codelookup.csv</message>
</record>
<record>
  <date>2015-03-11T21:05:42</date>
  <millis>1426122342971</millis>
  <sequence>19</sequence>
  <logger>dssat.DSSATMain</logger>
  <level>ALL</level>
  <class>dssat.DSSATMain</class>
  <method>initFertInfo</method>
  <thread>15</thread>
  <message>Initialized Fertilization Information</message>
</record>
<record>
  <date>2015-03-11T21:05:42</date>
  <millis>1426122342972</millis>
  <sequence>20</sequence>
  <logger>dssat.DSSATMain</logger>
  <level>ALL</level>
  <class>dssat.DSSATMain</class>
  <method>initFrameSize</method>
  <thread>15</thread>
  <message>Initializing frame size.</message>
</record>
<record>
  <date>2015-03-11T21:05:43</date>
  <millis>1426122343186</millis>
  <sequence>21</sequence>
  <logger>dssat.DSSATMain</logger>
  <level>ALL</level>
  <class>dssat.DSSATMain</class>
  <method>initFrameSize</method>
  <thread>15</thread>
  <message>Initialized frame size</message>
</record>
<record>
  <date>2015-03-11T21:05:43</date>
  <millis>1426122343187</millis>
  <sequence>22</sequence>
  <logger>dssat.DSSATMain</logger>
  <level>ALL</level>
  <class>dssat.DSSATMain</class>
  <method>&lt;init&gt;</method>
  <thread>15</thread> 
  <message>Application Initialized.</message>
</record>
