<?xml version="1.0" encoding="UTF-8" standalone="no"?>
<!DOCTYPE log SYSTEM "logger.dtd">
<log>
<record>
  <date>2015-03-19T11:34:33</date>
  <millis>1426779273426</millis>
  <sequence>0</sequence>
  <logger>dssat.DSSATMain</logger>
  <level>ALL</level>
  <class>dssat.DSSATMain</class>
  <method>initLogger</method>
  <thread>15</thread>
  <message>Initializing all the Components of the Application....</message>
</record>
<record>
  <date>2015-03-19T11:34:34</date>
  <millis>1426779274106</millis>
  <sequence>1</sequence>
  <logger>dssat.DSSATMain</logger>
  <level>ALL</level>
  <class>dssat.DSSATMain</class>
  <method>initTextFields</method>
  <thread>15</thread>
  <message>Initialized planting Date ....</message>
</record>
<record>
  <date>2015-03-19T11:34:34</date>
  <millis>1426779274106</millis>
  <sequence>2</sequence>
  <logger>dssat.DSSATMain</logger>
  <level>ALL</level>
  <class>dssat.DSSATMain</class>
  <method>initGlobalDBInfo</method>
  <thread>15</thread>
  <message>Initializing Global Data information....</message>
</record>
<record>
  <date>2015-03-19T11:34:34</date>
  <millis>1426779274110</millis>
  <sequence>3</sequence>
  <logger>dssat.DSSATMain</logger>
  <level>ALL</level>
  <class>dssat.CSVFileHandler</class>
  <method>getCountyList_GlobalDB</method>
  <thread>15</thread>
  <message>Initializing the list of counies from the Global DB...</message>
</record>
<record>
  <date>2015-03-19T11:34:34</date>
  <millis>1426779274110</millis>
  <sequence>4</sequence>
  <logger>dssat.DSSATMain</logger>
  <level>ALL</level>
  <class>dssat.CSVFileHandler</class>
  <method>getCountyList_GlobalDB</method>
  <thread>15</thread>
  <message>Getting the Centroid Information from countries_centroid.csv file.</message>
</record>
<record>
  <date>2015-03-19T11:34:34</date>
  <millis>1426779274111</millis>
  <sequence>5</sequence>
  <logger>dssat.DSSATMain</logger>
  <level>ALL</level>
  <class>dssat.CSVFileHandler</class>
  <method>getCountyList_GlobalDB</method>
  <thread>15</thread>
  <message>D:\Coding-Projects\DSSAT_Work\DSSATProject\DSSAT\src\properties\csv\counties_centroid.csv</message>
</record>
<record>
  <date>2015-03-19T11:34:34</date>
  <millis>1426779274127</millis>
  <sequence>6</sequence>
  <logger>dssat.DSSATMain</logger>
  <level>ALL</level>
  <class>dssat.CSVFileHandler</class>
  <method>getCountyList_GlobalDB</method>
  <thread>15</thread>
  <message>Successfully retrieved the list of Counties.</message>
</record>
<record>
  <date>2015-03-19T11:34:34</date>
  <millis>1426779274128</millis>
  <sequence>7</sequence>
  <logger>dssat.DSSATMain</logger>
  <level>ALL</level>
  <class>dssat.DSSATMain</class>
  <method>countyNameGlobalActionPerformed</method>
  <thread>15</thread>
  <message>Method Name:countyNameGlobalActionPerformedInitializing information based on county Name.</message>
</record>
<record>
  <date>2015-03-19T11:34:34</date>
  <millis>1426779274131</millis>
  <sequence>8</sequence>
  <logger>dssat.DSSATMain</logger>
  <level>ALL</level>
  <class>dssat.CSVFileHandler</class>
  <method>getCountyLocation_GlobalDB</method>
  <thread>15</thread>
  <message>Location Pos Object will be initialized with Centroid Position from Global DB...</message>
</record>
<record>
  <date>2015-03-19T11:34:34</date>
  <millis>1426779274132</millis>
  <sequence>9</sequence>
  <logger>dssat.DSSATMain</logger>
  <level>ALL</level>
  <class>dssat.CSVFileHandler</class>
  <method>getCountyLocation_GlobalDB</method>
  <thread>15</thread>
  <message>Location Pos Object is initialized with Centroid Position from Global DB...</message>
</record>
<record>
  <date>2015-03-19T11:34:34</date>
  <millis>1426779274136</millis>
  <sequence>10</sequence>
  <logger>dssat.DSSATMain</logger>
  <level>ALL</level>
  <class>dssat.CSVFileHandler</class>
  <method>getCountyBasedSoilList_SoilDB</method>
  <thread>15</thread>
  <message>Initializing the list of soils in a county...</message>
</record>
<record>
  <date>2015-03-19T11:34:34</date>
  <millis>1426779274148</millis>
  <sequence>11</sequence>
  <logger>dssat.DSSATMain</logger>
  <level>ALL</level>
  <class>dssat.CSVFileHandler</class>
  <method>getCountyBasedSoilList_SoilDB</method>
  <thread>15</thread>
  <message>Returning the sorted list of soils in a county...</message>
</record>
<record>
  <date>2015-03-19T11:34:34</date>
  <millis>1426779274150</millis>
  <sequence>12</sequence>
  <logger>dssat.DSSATMain</logger>
  <level>ALL</level>
  <class>dssat.DSSATMain</class>
  <method>initGlobalDBInfo</method>
  <thread>15</thread>
  <message>Added the county names.</message>
</record>
<record>
  <date>2015-03-19T11:34:34</date>
  <millis>1426779274154</millis>
  <sequence>13</sequence>
  <logger>dssat.DSSATMain</logger>
  <level>ALL</level>
  <class>dssat.CSVFileHandler</class>
  <method>getCountyLocation_GlobalDB</method>
  <thread>15</thread>
  <message>Location Pos Object will be initialized with Centroid Position from Global DB...</message>
</record>
<record>
  <date>2015-03-19T11:34:34</date>
  <millis>1426779274155</millis>
  <sequence>14</sequence>
  <logger>dssat.DSSATMain</logger>
  <level>ALL</level>
  <class>dssat.CSVFileHandler</class>
  <method>getCountyLocation_GlobalDB</method>
  <thread>15</thread>
  <message>Location Pos Object is initialized with Centroid Position from Global DB...</message>
</record>
<record>
  <date>2015-03-19T11:34:34</date>
  <millis>1426779274158</millis>
  <sequence>15</sequence>
  <logger>dssat.DSSATMain</logger>
  <level>ALL</level>
  <class>dssat.DSSATMain</class>
  <method>initGlobalDBInfo</method>
  <thread>15</thread>
  <message>Initialized Fawn Weather stations.</message>
</record>
<record>
  <date>2015-03-19T11:34:34</date>
  <millis>1426779274158</millis>
  <sequence>16</sequence>
  <logger>dssat.DSSATMain</logger>
  <level>ALL</level>
  <class>dssat.DSSATMain</class>
  <method>initGlobalDBInfo</method>
  <thread>15</thread>
  <message>Initialized Global Data information....</message>
</record>
<record>
  <date>2015-03-19T11:34:34</date>
  <millis>1426779274158</millis>
  <sequence>17</sequence>
  <logger>dssat.DSSATMain</logger>
  <level>ALL</level>
  <class>dssat.DSSATMain</class>
  <method>initSoilInfo</method>
  <thread>15</thread>
  <message>Initializing soil information....</message>
</record>
<record>
  <date>2015-03-19T11:34:34</date>
  <millis>1426779274159</millis>
  <sequence>18</sequence>
  <logger>dssat.DSSATMain</logger>
  <level>ALL</level>
  <class>dssat.CSVFileHandler</class>
  <method>getCountyList_SoilDB</method>
  <thread>15</thread>
  <message>Initializing Soil DB Information...</message>
</record>
<record>
  <date>2015-03-19T11:34:34</date>
  <millis>1426779274170</millis>
  <sequence>19</sequence>
  <logger>dssat.DSSATMain</logger>
  <level>ALL</level>
  <class>dssat.CSVFileHandler</class>
  <method>getCountyList_SoilDB</method>
  <thread>15</thread>
  <message>Initialized Soil DB Information. Returned the list of all the Counties.</message>
</record>
<record>
  <date>2015-03-19T11:34:34</date>
  <millis>1426779274170</millis>
  <sequence>20</sequence>
  <logger>dssat.DSSATMain</logger>
  <level>ALL</level>
  <class>dssat.CSVFileHandler</class>
  <method>getCountyBasedSoilList_SoilDB</method>
  <thread>15</thread>
  <message>Initializing the list of soils in a county...</message>
</record>
<record>
  <date>2015-03-19T11:34:34</date>
  <millis>1426779274180</millis>
  <sequence>21</sequence>
  <logger>dssat.DSSATMain</logger>
  <level>ALL</level>
  <class>dssat.CSVFileHandler</class>
  <method>getCountyBasedSoilList_SoilDB</method>
  <thread>15</thread>
  <message>Returning the sorted list of soils in a county...</message>
</record>
<record>
  <date>2015-03-19T11:34:34</date>
  <millis>1426779274181</millis>
  <sequence>22</sequence>
  <logger>dssat.DSSATMain</logger>
  <level>ALL</level>
  <class>dssat.DSSATMain</class>
  <method>initSoilInfo</method>
  <thread>15</thread>
  <message>Initialized soil information....</message>
</record>
<record>
  <date>2015-03-19T11:34:34</date>
  <millis>1426779274182</millis>
  <sequence>23</sequence>
  <logger>dssat.DSSATMain</logger>
  <level>ALL</level>
  <class>dssat.DSSATMain</class>
  <method>initCropInfo</method>
  <thread>15</thread>
  <message>Initializing crop information.</message>
</record>
<record>
  <date>2015-03-19T11:34:34</date>
  <millis>1426779274183</millis>
  <sequence>24</sequence>
  <logger>dssat.DSSATMain</logger>
  <level>ALL</level>
  <class>dssat.DSSATMain</class>
  <method>initCultivar</method>
  <thread>15</thread>
  <message>Initializing cultivar information.</message>
</record>
<record>
  <date>2015-03-19T11:34:34</date>
  <millis>1426779274193</millis>
  <sequence>25</sequence>
  <logger>dssat.DSSATMain</logger>
  <level>ALL</level>
  <class>dssat.DSSATMain</class>
  <method>initCultivar</method>
  <thread>15</thread>
  <message>Initialized cultivar information.</message>
</record>
<record>
  <date>2015-03-19T11:34:34</date>
  <millis>1426779274194</millis>
  <sequence>26</sequence>
  <logger>dssat.DSSATMain</logger>
  <level>ALL</level>
  <class>dssat.DSSATMain</class>
  <method>initCropInfo</method>
  <thread>15</thread>
  <message>Initialized crop information.</message>
</record>
<record>
  <date>2015-03-19T11:34:34</date>
  <millis>1426779274194</millis>
  <sequence>27</sequence>
  <logger>dssat.DSSATMain</logger>
  <level>ALL</level>
  <class>dssat.DSSATMain</class>
  <method>initCultivar</method>
  <thread>15</thread>
  <message>Initializing cultivar information.</message>
</record>
<record>
  <date>2015-03-19T11:34:34</date>
  <millis>1426779274196</millis>
  <sequence>28</sequence>
  <logger>dssat.DSSATMain</logger>
  <level>ALL</level>
  <class>dssat.DSSATMain</class>
  <method>initCultivar</method>
  <thread>15</thread>
  <message>Initialized cultivar information.</message>
</record>
<record>
  <date>2015-03-19T11:34:34</date>
  <millis>1426779274198</millis>
  <sequence>29</sequence>
  <logger>dssat.DSSATMain</logger>
  <level>ALL</level>
  <class>dssat.DSSATMain</class>
  <method>initFertInfo</method>
  <thread>15</thread>
  <message>Initializing fertilization information.</message>
</record>
<record>
  <date>2015-03-19T11:34:34</date>
  <millis>1426779274198</millis>
  <sequence>30</sequence>
  <logger>dssat.DSSATMain</logger>
  <level>ALL</level>
  <class>dssat.DSSATMain</class>
  <method>initFertInfo</method>
  <thread>15</thread>
  <message>Initializing Fertilizer info from D:\Coding-Projects\DSSAT_Work\DSSATProject\DSSAT\src\properties\csv\dssat_codelookup.csv</message>
</record>
<record>
  <date>2015-03-19T11:34:34</date>
  <millis>1426779274203</millis>
  <sequence>31</sequence>
  <logger>dssat.DSSATMain</logger>
  <level>ALL</level>
  <class>dssat.DSSATMain</class>
  <method>initFertInfo</method>
  <thread>15</thread>
  <message>Initialized Fertilization Information</message>
</record>
<record>
  <date>2015-03-19T11:34:34</date>
  <millis>1426779274203</millis>
  <sequence>32</sequence>
  <logger>dssat.DSSATMain</logger>
  <level>ALL</level>
  <class>dssat.DSSATMain</class>
  <method>initFrameSize</method>
  <thread>15</thread>
  <message>Initializing frame size.</message>
</record>
<record>
  <date>2015-03-19T11:34:34</date>
  <millis>1426779274287</millis>
  <sequence>33</sequence>
  <logger>dssat.DSSATMain</logger>
  <level>ALL</level>
  <class>dssat.DSSATMain</class>
  <method>initFrameSize</method>
  <thread>15</thread>
  <message>Initialized frame size</message>
</record>
<record>
  <date>2015-03-19T11:34:34</date>
  <millis>1426779274287</millis>
  <sequence>34</sequence>
  <logger>dssat.DSSATMain</logger>
  <level>ALL</level>
  <class>dssat.CSVFileHandler</class>
  <method>ReadSitesFile</method>
  <thread>15</thread>
  <message>Initializing the data from sites file.</message>
</record>
<record>
  <date>2015-03-19T11:34:34</date>
  <millis>1426779274288</millis>
  <sequence>35</sequence>
  <logger>dssat.DSSATMain</logger>
  <level>ALL</level>
  <class>dssat.CSVFileHandler</class>
  <method>ReadSitesFile</method>
  <thread>15</thread>
  <message>Initializing the data from sites file.</message>
</record>
<record>
  <date>2015-03-19T11:34:34</date>
  <millis>1426779274292</millis>
  <sequence>36</sequence>
  <logger>dssat.DSSATMain</logger>
  <level>ALL</level>
  <class>dssat.DSSATMain</class>
  <method>&lt;init&gt;</method>
  <thread>15</thread>
  <message>Application Initialized.</message>
</record>
</log>
