*SPECIES LIST

@#   FILENAME EXT FILE HEADING
   1 BACER046 SPE SPECIES:BACER046                    
   2 BACRP046 SPE SPECIES:BACRP046                    
   3 BHGRO046 SPE BAHIA SPECIES COEFICIENTS: CRGRO046 Model
   4 BMGRO046 SPE BERMUDAGRASS SPECIES COEFICIENTS: CRGRO046 MODEL
   5 BNGRO046 SPE DRY BEAN SPECIES COEFFICIENTS: CRGRO046 MODEL
   6 BRGRO046 SPE BRACHIARIA DECUMBENS SPECIES COEFICIENTS: CRGRO046 MODEL
   7 CBGRO046 SPE CABBAGE SPECIES COEFICIENTS: CRGRO046 MODEL
   8 CHGRO046 SPE CHICKPEA SPECIES COEFFICIENTS: CRGRO046 MODEL
   9 CNGRO046 SPE *PHOTOSYNTHESIS PARAMETERS          
  10 COGRO046 SPE COTTON SPECIES COEFFICIENTS: CRGRO046 MODEL
  11 CPGRO046 SPE COWPEA SPECIES COEFFICIENTS: CRGRO046 MODEL
  12 CSCAS046 SPE SPECIES:CSCAS046                    
  13 CSCRP046 SPE SPECIES:CSCRP046                    
  14 FBGRO046 SPE FABA BEAN SPECIES COEFFICIENTS: CRGRO046 MODEL
  15 G0GRO046 SPE BAHIA SPECIES COEFICIENTS: CRGRO046 Model                                      
  16 GBGRO046 SPE GREENBEAN SPECIES COEFFICIENTS: CRGRO046 MODEL
  17 MLCER046 SPE MILLET SPECIES COEFFICIENTS: GECER046 MODEL
  18 MZCER046 SPE MAIZE SPECIES COEFFICIENTS: MZCER046 MODEL
  19 MZIXM046 SPE MAIZE SPECIES COEFFICIENTS: MZIXM046 MODEL
  20 PIALO980 SPE SPECIES DATA: PINEAPPLE             
  21 PNGRO046 SPE PEANUT SPECIES COEFFICIENTS: CRGRO046 MODEL
  22 PPGRO046 SPE PIGEONPEA SPECIES COEFFICIENTS: CRGRO046 MODEL
  23 PRGRO040 SPE PEPPER SPECIES COEFFICIENTS: CRGRO040 MODEL (Bell Pepper for Bradenton)
  24 PRGRO046 SPE PEPPER SPECIES COEFFICIENTS: CRGRO046 MODEL (Bell Pepper for Bradenton)
  25 PTSUB046 SPE POTATO SPECIES COEFFICIENTS: PTSUB046 MODEL
  26 RICER046 SPE RICE SPECIES COEFFICIENTS: RICER046 MODEL
  27 SBGRO046 SPE SOYBEAN SPECIES COEFFICIENTS: CRGRO046 MODEL
  28 SCCAN046 SPE  Canegro Sugarcane Plant Module SPECIES file
  29 SCCSP046 SPE *SUGARCANE SPECIES COEFFICIENTS - SCCSP046 MODEL
  30 SGCER046 SPE SORGHUM SPECIES COEFFICIENTS: SGCER046 MODEL
  31 SUOIL980 SPE SUNFLOWER SPECIES COEFFICIENTS - SUOIL980 MODEL
  32 SWCER046 SPE SWEET CORN SPECIES COEFFICIENTS: SWCER046 MODEL
  33 TMGRO046 SPE TOMATO SPECIES COEFFICIENTS: CRGRO046 MODEL
  34 TNARO046 SPE    10.0  250.0  500.0 150.00   1.56 119.00 TBASE,P8,P9,PHINT,PCGRD,PCINT
  35 TRARO046 SPE    10.0   55.0  100.0 150.00   1.00 120.00 TBASE,P8,P9,PHINT,PCGRD,PCINT
  36 VBGRO046 SPE VELVETBEAN SPECIES COEFICIENTS: CRGRO046 MODEL
  37 WHCER046 SPE SPECIES:WHCER046                    
  38 WHCRP046 SPE SPECIES:WHCRP046                    
