*CULTIVAR LIST

@#   FILENAME EXT FILE HEADING
   1 BACER046 CUL CULTIVARS:BACER046                  
   2 BACRP046 CUL CULTIVARS:BACRP046                  
   3 BHGRO046 CUL BAHIA GENOTYPE COEFFICIENTS: CRGRO046 Model
   4 BMGRO046 CUL BERMUDAGRASS GENOTYPE COEFFICIENTS: CRGRO46 Model 
   5 BNGRO046 CUL DRYBEAN GENOTYPE COEFFICIENTS: CRGRO046 MODEL
   6 BRGRO046 CUL BRACHIARIA DECUMBENS CULTIVAR COEFFICIENTS: CRGRO046 MODEL
   7 CBGRO046 CUL CABBAGE GENOTYPE COEFFICIENTS: CBGRO046 MODEL
   8 CHGRO046 CUL CHICKPEA CULTIVAR COEFFICIENTS: CRGRO046 MODEL
   9 CNGRO046 CUL Canola GENOTYPE COEFFICIENTS: CRGRO045 MODEL
  10 COGRO046 CUL COTTON CULTIVAR COEFFICIENTS: CRGRO046 MODEL
  11 CPGRO046 CUL COWPEA GENOTYPE COEFFICIENTS: CRGRO046 MODEL
  12 CRGRO046 CUL COWPEA CULTIVAR COEFFICIENTS: CRGRO046 MODEL
  13 CSCAS046 CUL CULTIVARS:CSCAS046                  
  14 CSCRP046 CUL CULTIVARS:CSCRP046                  
  15 FBGRO046 CUL FABA BEAN GENOTYPE COEFFICIENTS: CRGRO046 MODEL
  16 G0GRO046 CUL BAHIA GENOTYPE COEFFICIENTS: CRGRO046 Model
  17 GBGRO046 CUL GREENBEAN GENOTYPE COEFFICIENTS: CRGRO046 MODEL
  18 MLCER046 CUL MILLET CULTIVAR COEFFICIENTS: GECER046 MODEL
  19 MZCER046 CUL MAIZE CULTIVAR COEFFICIENTS: MZCER046 MODEL
  20 MZIXM046 CUL MAIZE CULTIVAR COEFFICIENTS: MZIXM046 MODEL
  21 PIALO980 CUL GENETICS PARAMETER INPUT FILE - PINEAPPLE GENOTYPE COEFFICIENTS
  22 PNGRO046 CUL PEANUT CULTIVAR COEFFICIENTS: CRGRO046 MODEL
  23 PPGRO046 CUL PIGEONPEA GENOTYPE COEFFICIENTS: CRGRO046 MODEL                         24.21  
  24 PRGRO046 CUL PEPPER GENOTYPE COEFFICIENTS: CRGRO046 MODEL
  25 PTSUB046 CUL POTATO CULTIVAR COEFFICIENTS: PTSUB046 MODEL
  26 RICER046 CUL RICE GENOTYPE COEFFICIENTS: RICER046 MODEL
  27 RIORZ046 CUL RICE GENOTYPE COEFFICIENTS: RIORZ045 MODEL
  28 SALUS046 CUL GENERIC SALUS MODEL PARAMETERS: SALUS046 MODEL
  29 SBGRO046 CUL SOYBEAN GENOTYPE COEFFICIENTS: CRGRO046 MODEL
  30 SCCAN046 CUL   SUGARCANE model cultivar file     
  31 SCCSP046 CUL SUGARCANE GENOTYPE COEFFICIENTS - SCCSP046 MODEL (CASUPRO)
  32 SGCER046 CUL SORGHUM CULTIVAR COEFFICIENTS: SGCER046 MODEL
  33 SUOIL980 CUL SUNFLOWER GENOTYPE COEFFICIENTS - SUOIL980 MODEL
  34 SWCER046 CUL SWEET CORN CULTIVAR COEFFICIENTS: SWCER046 MODEL
  35 TMGRO046 CUL TOMATO CULTIVAR COEFFICIENTS: CRGRO046 MODEL
  36 TNARO046 CUL TANIER CULTIVAR COEFFICIENTS: TRARO046 MODEL
  37 TRARO046 CUL TARO CULTIVAR COEFFICIENTS: TRARO046 MODEL
  38 VBGRO046 CUL VELVETBEAN CULTIVAR COEFFICIENTS: CRGRO046 MODEL
  39 WHCER046 CUL CULTIVARS:WHCER046                  
  40 WHCRP046 CUL CULTIVARS:WHCRP046                  
