<?xml version="1.0" encoding="UTF-8" standalone="no"?>
<!DOCTYPE log SYSTEM "logger.dtd">
<log>
<record>
  <date>2015-12-21T16:22:58</date>
  <millis>1450732978628</millis>
  <sequence>0</sequence>
  <logger>dssat.DSSATMain</logger>
  <level>ALL</level>
  <class>dssat.DSSATMain</class>
  <method>initLogger</method>
  <thread>12</thread>
  <message>Initializing all the Components of the Application....</message>
</record>
<record>
  <date>2015-12-21T16:22:59</date>
  <millis>1450732979122</millis>
  <sequence>1</sequence>
  <logger>dssat.DSSATMain</logger>
  <level>ALL</level>
  <class>dssat.DSSATMain</class>
  <method>initTextFields</method>
  <thread>12</thread>
  <message>Initialized planting Date ....</message>
</record>
<record>
  <date>2015-12-21T16:22:59</date>
  <millis>1450732979123</millis>
  <sequence>2</sequence>
  <logger>dssat.DSSATMain</logger>
  <level>ALL</level>
  <class>dssat.DSSATMain</class>
  <method>initGlobalDBInfo</method>
  <thread>12</thread>
  <message>Initializing Global Data information....</message>
</record>
<record>
  <date>2015-12-21T16:22:59</date>
  <millis>1450732979123</millis>
  <sequence>3</sequence>
  <logger>dssat.DSSATMain</logger>
  <level>ALL</level>
  <class>dssat.CSVFileHandler</class>
  <method>getCountyList_GlobalDB</method>
  <thread>12</thread>
  <message>Initializing the list of counies from the Global DB...</message>
</record>
<record>
  <date>2015-12-21T16:22:59</date>
  <millis>1450732979123</millis>
  <sequence>4</sequence>
  <logger>dssat.DSSATMain</logger>
  <level>ALL</level>
  <class>dssat.CSVFileHandler</class>
  <method>getCountyList_GlobalDB</method>
  <thread>12</thread>
  <message>Getting the Centroid Information from countries_centroid.csv file.</message>
</record>
<record>
  <date>2015-12-21T16:22:59</date>
  <millis>1450732979123</millis>
  <sequence>5</sequence>
  <logger>dssat.DSSATMain</logger>
  <level>ALL</level>
  <class>dssat.CSVFileHandler</class>
  <method>getCountyList_GlobalDB</method>
  <thread>12</thread>
  <message>/home/piyush/Dropbox/DSSATInterface/piyush/dssat/properties/csv/counties_centroid.csv</message>
</record>
<record>
  <date>2015-12-21T16:22:59</date>
  <millis>1450732979155</millis>
  <sequence>6</sequence>
  <logger>dssat.DSSATMain</logger>
  <level>ALL</level>
  <class>dssat.CSVFileHandler</class>
  <method>getCountyList_GlobalDB</method>
  <thread>12</thread>
  <message>Successfully retrieved the list of Counties.</message>
</record>
<record>
  <date>2015-12-21T16:22:59</date>
  <millis>1450732979156</millis>
  <sequence>7</sequence>
  <logger>dssat.DSSATMain</logger>
  <level>ALL</level>
  <class>dssat.DSSATMain</class>
  <method>countyNameGlobalActionPerformed</method>
  <thread>12</thread>
  <message>Method Name:countyNameGlobalActionPerformedInitializing information based on county Name.</message>
</record>
<record>
  <date>2015-12-21T16:22:59</date>
  <millis>1450732979157</millis>
  <sequence>8</sequence>
  <logger>dssat.DSSATMain</logger>
  <level>ALL</level>
  <class>dssat.CSVFileHandler</class>
  <method>getCountyLocation_GlobalDB</method>
  <thread>12</thread>
  <message>Location Pos Object will be initialized with Centroid Position from Global DB...</message>
</record>
<record>
  <date>2015-12-21T16:22:59</date>
  <millis>1450732979163</millis>
  <sequence>9</sequence>
  <logger>dssat.DSSATMain</logger>
  <level>ALL</level>
  <class>dssat.CSVFileHandler</class>
  <method>getCountyLocation_GlobalDB</method>
  <thread>12</thread>
  <message>Location Pos Object is initialized with Centroid Position from Global DB...</message>
</record>
<record>
  <date>2015-12-21T16:22:59</date>
  <millis>1450732979168</millis>
  <sequence>10</sequence>
  <logger>dssat.DSSATMain</logger>
  <level>ALL</level>
  <class>dssat.CSVFileHandler</class>
  <method>getCountyBasedSoilList_SoilDB</method>
  <thread>12</thread>
  <message>Initializing the list of soils in a county...</message>
</record>
<record>
  <date>2015-12-21T16:22:59</date>
  <millis>1450732979195</millis>
  <sequence>11</sequence>
  <logger>dssat.DSSATMain</logger>
  <level>ALL</level>
  <class>dssat.CSVFileHandler</class>
  <method>getCountyBasedSoilList_SoilDB</method>
  <thread>12</thread>
  <message>Returning the sorted list of soils in a county...</message>
</record>
<record>
  <date>2015-12-21T16:22:59</date>
  <millis>1450732979200</millis>
  <sequence>12</sequence>
  <logger>dssat.DSSATMain</logger>
  <level>ALL</level>
  <class>dssat.DSSATMain</class>
  <method>initGlobalDBInfo</method>
  <thread>12</thread>
  <message>Added the county names.</message>
</record>
<record>
  <date>2015-12-21T16:22:59</date>
  <millis>1450732979200</millis>
  <sequence>13</sequence>
  <logger>dssat.DSSATMain</logger>
  <level>ALL</level>
  <class>dssat.CSVFileHandler</class>
  <method>getCountyLocation_GlobalDB</method>
  <thread>12</thread>
  <message>Location Pos Object will be initialized with Centroid Position from Global DB...</message>
</record>
<record>
  <date>2015-12-21T16:22:59</date>
  <millis>1450732979204</millis>
  <sequence>14</sequence>
  <logger>dssat.DSSATMain</logger>
  <level>ALL</level>
  <class>dssat.CSVFileHandler</class>
  <method>getCountyLocation_GlobalDB</method>
  <thread>12</thread>
  <message>Location Pos Object is initialized with Centroid Position from Global DB...</message>
</record>
<record>
  <date>2015-12-21T16:22:59</date>
  <millis>1450732979211</millis>
  <sequence>15</sequence>
  <logger>dssat.DSSATMain</logger>
  <level>ALL</level>
  <class>dssat.DSSATMain</class>
  <method>initGlobalDBInfo</method>
  <thread>12</thread>
  <message>Initialized Fawn Weather stations.</message>
</record>
<record>
  <date>2015-12-21T16:22:59</date>
  <millis>1450732979211</millis>
  <sequence>16</sequence>
  <logger>dssat.DSSATMain</logger>
  <level>ALL</level>
  <class>dssat.DSSATMain</class>
  <method>initGlobalDBInfo</method>
  <thread>12</thread>
  <message>Initialized Global Data information....</message>
</record>
<record>
  <date>2015-12-21T16:22:59</date>
  <millis>1450732979212</millis>
  <sequence>17</sequence>
  <logger>dssat.DSSATMain</logger>
  <level>ALL</level>
  <class>dssat.DSSATMain</class>
  <method>initSoilInfo</method>
  <thread>12</thread>
  <message>Initializing soil information....</message>
</record>
<record>
  <date>2015-12-21T16:22:59</date>
  <millis>1450732979212</millis>
  <sequence>18</sequence>
  <logger>dssat.DSSATMain</logger>
  <level>ALL</level>
  <class>dssat.CSVFileHandler</class>
  <method>getCountyList_SoilDB</method>
  <thread>12</thread>
  <message>Initializing Soil DB Information...</message>
</record>
<record>
  <date>2015-12-21T16:22:59</date>
  <millis>1450732979223</millis>
  <sequence>19</sequence>
  <logger>dssat.DSSATMain</logger>
  <level>ALL</level>
  <class>dssat.CSVFileHandler</class>
  <method>getCountyList_SoilDB</method>
  <thread>12</thread>
  <message>Initialized Soil DB Information. Returned the list of all the Counties.</message>
</record>
<record>
  <date>2015-12-21T16:22:59</date>
  <millis>1450732979223</millis>
  <sequence>20</sequence>
  <logger>dssat.DSSATMain</logger>
  <level>ALL</level>
  <class>dssat.CSVFileHandler</class>
  <method>getCountyBasedSoilList_SoilDB</method>
  <thread>12</thread>
  <message>Initializing the list of soils in a county...</message>
</record>
<record>
  <date>2015-12-21T16:22:59</date>
  <millis>1450732979232</millis>
  <sequence>21</sequence>
  <logger>dssat.DSSATMain</logger>
  <level>ALL</level>
  <class>dssat.CSVFileHandler</class>
  <method>getCountyBasedSoilList_SoilDB</method>
  <thread>12</thread>
  <message>Returning the sorted list of soils in a county...</message>
</record>
<record>
  <date>2015-12-21T16:22:59</date>
  <millis>1450732979233</millis>
  <sequence>22</sequence>
  <logger>dssat.DSSATMain</logger>
  <level>ALL</level>
  <class>dssat.DSSATMain</class>
  <method>initSoilInfo</method>
  <thread>12</thread>
  <message>Initialized soil information....</message>
</record>
<record>
  <date>2015-12-21T16:22:59</date>
  <millis>1450732979234</millis>
  <sequence>23</sequence>
  <logger>dssat.DSSATMain</logger>
  <level>ALL</level>
  <class>dssat.DSSATMain</class>
  <method>initCropInfo</method>
  <thread>12</thread>
  <message>Initializing crop information.</message>
</record>
<record>
  <date>2015-12-21T16:22:59</date>
  <millis>1450732979235</millis>
  <sequence>24</sequence>
  <logger>dssat.DSSATMain</logger>
  <level>ALL</level>
  <class>dssat.DSSATMain</class>
  <method>initCultivar</method>
  <thread>12</thread>
  <message>Initializing cultivar information.</message>
</record>
<record>
  <date>2015-12-21T16:22:59</date>
  <millis>1450732979245</millis>
  <sequence>25</sequence>
  <logger>dssat.DSSATMain</logger>
  <level>ALL</level>
  <class>dssat.DSSATMain</class>
  <method>initCultivar</method>
  <thread>12</thread>
  <message>Initialized cultivar information.</message>
</record>
<record>
  <date>2015-12-21T16:22:59</date>
  <millis>1450732979245</millis>
  <sequence>26</sequence>
  <logger>dssat.DSSATMain</logger>
  <level>ALL</level>
  <class>dssat.DSSATMain</class>
  <method>initCropInfo</method>
  <thread>12</thread>
  <message>Initialized crop information.</message>
</record>
<record>
  <date>2015-12-21T16:22:59</date>
  <millis>1450732979246</millis>
  <sequence>27</sequence>
  <logger>dssat.DSSATMain</logger>
  <level>ALL</level>
  <class>dssat.DSSATMain</class>
  <method>initCultivar</method>
  <thread>12</thread>
  <message>Initializing cultivar information.</message>
</record>
<record>
  <date>2015-12-21T16:22:59</date>
  <millis>1450732979263</millis>
  <sequence>28</sequence>
  <logger>dssat.DSSATMain</logger>
  <level>ALL</level>
  <class>dssat.DSSATMain</class>
  <method>initCultivar</method>
  <thread>12</thread>
  <message>Initialized cultivar information.</message>
</record>
<record>
  <date>2015-12-21T16:22:59</date>
  <millis>1450732979263</millis>
  <sequence>29</sequence>
  <logger>dssat.DSSATMain</logger>
  <level>ALL</level>
  <class>dssat.DSSATMain</class>
  <method>initFertInfo</method>
  <thread>12</thread>
  <message>Initializing fertilization information.</message>
</record>
<record>
  <date>2015-12-21T16:22:59</date>
  <millis>1450732979264</millis>
  <sequence>30</sequence>
  <logger>dssat.DSSATMain</logger>
  <level>ALL</level>
  <class>dssat.DSSATMain</class>
  <method>initFertInfo</method>
  <thread>12</thread>
  <message>Initializing Fertilizer info from /properties/csv/dssat_codelookup.csv</message>
</record>
<record>
  <date>2015-12-21T16:22:59</date>
  <millis>1450732979423</millis>
  <sequence>31</sequence>
  <logger>dssat.DSSATMain</logger>
  <level>ALL</level>
  <class>dssat.DSSATMain</class>
  <method>initFertInfo</method>
  <thread>12</thread>
  <message>Initialized Fertilization Information</message>
</record>
<record>
  <date>2015-12-21T16:22:59</date>
  <millis>1450732979423</millis>
  <sequence>32</sequence>
  <logger>dssat.DSSATMain</logger>
  <level>ALL</level>
  <class>dssat.DSSATMain</class>
  <method>initFrameSize</method>
  <thread>12</thread>
  <message>Initializing frame size.</message>
</record>
<record>
  <date>2015-12-21T16:22:59</date>
  <millis>1450732979459</millis>
  <sequence>33</sequence>
  <logger>dssat.DSSATMain</logger>
  <level>ALL</level>
  <class>dssat.DSSATMain</class>
  <method>initFrameSize</method>
  <thread>12</thread>
  <message>Initialized frame size</message>
</record>
<record>
  <date>2015-12-21T16:22:59</date>
  <millis>1450732979461</millis>
  <sequence>34</sequence>
  <logger>dssat.DSSATMain</logger>
  <level>ALL</level>
  <class>dssat.DSSATMain</class>
  <method>&lt;init&gt;</method>
  <thread>12</thread>
  <message>Application Initialized.</message>
</record>
<record>
  <date>2015-12-21T16:23:29</date>
  <millis>1450733009152</millis>
  <sequence>35</sequence>
  <logger>dssat.DSSATMain</logger>
  <level>ALL</level>
  <class>dssat.DSSATMain</class>
  <method>UpdateFile</method>
  <thread>12</thread>
  <message>Updating the cache with the latest information...</message>
</record>
<record>
  <date>2015-12-21T16:23:29</date>
  <millis>1450733009156</millis>
  <sequence>36</sequence>
  <logger>dssat.DSSATMain</logger>
  <level>ALL</level>
  <class>dssat.DSSATMain</class>
  <method>UpdateFile</method>
  <thread>12</thread>
  <message>Updated the cache with the latest information...</message>
</record>
</log>
