<?xml version="1.0" encoding="windows-1252" standalone="no"?>
<!DOCTYPE log SYSTEM "logger.dtd">
<log>
<record>
  <date>2015-12-21T17:55:39</date>
  <millis>1450738539815</millis>
  <sequence>0</sequence>
  <logger>dssat.DSSATMain</logger>
  <level>ALL</level>
  <class>dssat.DSSATMain</class>
  <method>initLogger</method>
  <thread>14</thread>
  <message>Initializing all the Components of the Application....</message>
</record>
<record>
  <date>2015-12-21T17:55:40</date>
  <millis>1450738540181</millis>
  <sequence>1</sequence>
  <logger>dssat.DSSATMain</logger>
  <level>ALL</level>
  <class>dssat.DSSATMain</class>
  <method>initTextFields</method>
  <thread>14</thread>
  <message>Initialized planting Date ....</message>
</record>
<record>
  <date>2015-12-21T17:55:40</date>
  <millis>1450738540181</millis>
  <sequence>2</sequence>
  <logger>dssat.DSSATMain</logger>
  <level>ALL</level>
  <class>dssat.DSSATMain</class>
  <method>initGlobalDBInfo</method>
  <thread>14</thread>
  <message>Initializing Global Data information....</message>
</record>
<record>
  <date>2015-12-21T17:55:40</date>
  <millis>1450738540181</millis>
  <sequence>3</sequence>
  <logger>dssat.DSSATMain</logger>
  <level>ALL</level>
  <class>dssat.CSVFileHandler</class>
  <method>getCountyList_GlobalDB</method>
  <thread>14</thread>
  <message>Initializing the list of counies from the Global DB...</message>
</record>
<record>
  <date>2015-12-21T17:55:40</date>
  <millis>1450738540181</millis>
  <sequence>4</sequence>
  <logger>dssat.DSSATMain</logger>
  <level>ALL</level>
  <class>dssat.CSVFileHandler</class>
  <method>getCountyList_GlobalDB</method>
  <thread>14</thread>
  <message>Getting the Centroid Information from countries_centroid.csv file.</message>
</record>
<record>
  <date>2015-12-21T17:55:40</date>
  <millis>1450738540181</millis>
  <sequence>5</sequence>
  <logger>dssat.DSSATMain</logger>
  <level>ALL</level>
  <class>dssat.CSVFileHandler</class>
  <method>getCountyList_GlobalDB</method>
  <thread>14</thread>
  <message>C:\Users\Piyush\Documents\NetBeansProjects\dssat\properties\csv\counties_centroid.csv</message>
</record>
<record>
  <date>2015-12-21T17:55:40</date>
  <millis>1450738540197</millis>
  <sequence>6</sequence>
  <logger>dssat.DSSATMain</logger>
  <level>ALL</level>
  <class>dssat.CSVFileHandler</class>
  <method>getCountyList_GlobalDB</method>
  <thread>14</thread>
  <message>Successfully retrieved the list of Counties.</message>
</record>
<record>
  <date>2015-12-21T17:55:40</date>
  <millis>1450738540197</millis>
  <sequence>7</sequence>
  <logger>dssat.DSSATMain</logger>
  <level>ALL</level>
  <class>dssat.DSSATMain</class>
  <method>countyNameGlobalActionPerformed</method>
  <thread>14</thread>
  <message>Method Name:countyNameGlobalActionPerformedInitializing information based on county Name.</message>
</record>
<record>
  <date>2015-12-21T17:55:40</date>
  <millis>1450738540197</millis>
  <sequence>8</sequence>
  <logger>dssat.DSSATMain</logger>
  <level>ALL</level>
  <class>dssat.CSVFileHandler</class>
  <method>getCountyLocation_GlobalDB</method>
  <thread>14</thread>
  <message>Location Pos Object will be initialized with Centroid Position from Global DB...</message>
</record>
<record>
  <date>2015-12-21T17:55:40</date>
  <millis>1450738540212</millis>
  <sequence>9</sequence>
  <logger>dssat.DSSATMain</logger>
  <level>ALL</level>
  <class>dssat.CSVFileHandler</class>
  <method>getCountyLocation_GlobalDB</method>
  <thread>14</thread>
  <message>Location Pos Object is initialized with Centroid Position from Global DB...</message>
</record>
<record>
  <date>2015-12-21T17:55:40</date>
  <millis>1450738540212</millis>
  <sequence>10</sequence>
  <logger>dssat.DSSATMain</logger>
  <level>ALL</level>
  <class>dssat.CSVFileHandler</class>
  <method>getCountyBasedSoilList_SoilDB</method>
  <thread>14</thread>
  <message>Initializing the list of soils in a county...</message>
</record>
<record>
  <date>2015-12-21T17:55:40</date>
  <millis>1450738540243</millis>
  <sequence>11</sequence>
  <logger>dssat.DSSATMain</logger>
  <level>ALL</level>
  <class>dssat.CSVFileHandler</class>
  <method>getCountyBasedSoilList_SoilDB</method>
  <thread>14</thread>
  <message>Returning the sorted list of soils in a county...</message>
</record>
<record>
  <date>2015-12-21T17:55:40</date>
  <millis>1450738540243</millis>
  <sequence>12</sequence>
  <logger>dssat.DSSATMain</logger>
  <level>ALL</level>
  <class>dssat.DSSATMain</class>
  <method>initGlobalDBInfo</method>
  <thread>14</thread>
  <message>Added the county names.</message>
</record>
<record>
  <date>2015-12-21T17:55:40</date>
  <millis>1450738540243</millis>
  <sequence>13</sequence>
  <logger>dssat.DSSATMain</logger>
  <level>ALL</level>
  <class>dssat.CSVFileHandler</class>
  <method>getCountyLocation_GlobalDB</method>
  <thread>14</thread>
  <message>Location Pos Object will be initialized with Centroid Position from Global DB...</message>
</record>
<record>
  <date>2015-12-21T17:55:40</date>
  <millis>1450738540243</millis>
  <sequence>14</sequence>
  <logger>dssat.DSSATMain</logger>
  <level>ALL</level>
  <class>dssat.CSVFileHandler</class>
  <method>getCountyLocation_GlobalDB</method>
  <thread>14</thread>
  <message>Location Pos Object is initialized with Centroid Position from Global DB...</message>
</record>
<record>
  <date>2015-12-21T17:55:40</date>
  <millis>1450738540259</millis>
  <sequence>15</sequence>
  <logger>dssat.DSSATMain</logger>
  <level>ALL</level>
  <class>dssat.DSSATMain</class>
  <method>initGlobalDBInfo</method>
  <thread>14</thread>
  <message>Initialized Fawn Weather stations.</message>
</record>
<record>
  <date>2015-12-21T17:55:40</date>
  <millis>1450738540259</millis>
  <sequence>16</sequence>
  <logger>dssat.DSSATMain</logger>
  <level>ALL</level>
  <class>dssat.DSSATMain</class>
  <method>initGlobalDBInfo</method>
  <thread>14</thread>
  <message>Initialized Global Data information....</message>
</record>
<record>
  <date>2015-12-21T17:55:40</date>
  <millis>1450738540259</millis>
  <sequence>17</sequence>
  <logger>dssat.DSSATMain</logger>
  <level>ALL</level>
  <class>dssat.DSSATMain</class>
  <method>initSoilInfo</method>
  <thread>14</thread>
  <message>Initializing soil information....</message>
</record>
<record>
  <date>2015-12-21T17:55:40</date>
  <millis>1450738540259</millis>
  <sequence>18</sequence>
  <logger>dssat.DSSATMain</logger>
  <level>ALL</level>
  <class>dssat.CSVFileHandler</class>
  <method>getCountyList_SoilDB</method>
  <thread>14</thread>
  <message>Initializing Soil DB Information...</message>
</record>
<record>
  <date>2015-12-21T17:55:40</date>
  <millis>1450738540275</millis>
  <sequence>19</sequence>
  <logger>dssat.DSSATMain</logger>
  <level>ALL</level>
  <class>dssat.CSVFileHandler</class>
  <method>getCountyList_SoilDB</method>
  <thread>14</thread>
  <message>Initialized Soil DB Information. Returned the list of all the Counties.</message>
</record>
<record>
  <date>2015-12-21T17:55:40</date>
  <millis>1450738540275</millis>
  <sequence>20</sequence>
  <logger>dssat.DSSATMain</logger>
  <level>ALL</level>
  <class>dssat.CSVFileHandler</class>
  <method>getCountyBasedSoilList_SoilDB</method>
  <thread>14</thread>
  <message>Initializing the list of soils in a county...</message>
</record>
<record>
  <date>2015-12-21T17:55:40</date>
  <millis>1450738540275</millis>
  <sequence>21</sequence>
  <logger>dssat.DSSATMain</logger>
  <level>ALL</level>
  <class>dssat.CSVFileHandler</class>
  <method>getCountyBasedSoilList_SoilDB</method>
  <thread>14</thread>
  <message>Returning the sorted list of soils in a county...</message>
</record>
<record>
  <date>2015-12-21T17:55:40</date>
  <millis>1450738540275</millis>
  <sequence>22</sequence>
  <logger>dssat.DSSATMain</logger>
  <level>ALL</level>
  <class>dssat.DSSATMain</class>
  <method>initSoilInfo</method>
  <thread>14</thread>
  <message>Initialized soil information....</message>
</record>
<record>
  <date>2015-12-21T17:55:40</date>
  <millis>1450738540275</millis>
  <sequence>23</sequence>
  <logger>dssat.DSSATMain</logger>
  <level>ALL</level>
  <class>dssat.DSSATMain</class>
  <method>initCropInfo</method>
  <thread>14</thread>
  <message>Initializing crop information.</message>
</record>
<record>
  <date>2015-12-21T17:55:40</date>
  <millis>1450738540275</millis>
  <sequence>24</sequence>
  <logger>dssat.DSSATMain</logger>
  <level>ALL</level>
  <class>dssat.DSSATMain</class>
  <method>initCultivar</method>
  <thread>14</thread>
  <message>Initializing cultivar information.</message>
</record>
<record>
  <date>2015-12-21T17:55:40</date>
  <millis>1450738540290</millis>
  <sequence>25</sequence>
  <logger>dssat.DSSATMain</logger>
  <level>ALL</level>
  <class>dssat.DSSATMain</class>
  <method>initCultivar</method>
  <thread>14</thread>
  <message>Initialized cultivar information.</message>
</record>
<record>
  <date>2015-12-21T17:55:40</date>
  <millis>1450738540290</millis>
  <sequence>26</sequence>
  <logger>dssat.DSSATMain</logger>
  <level>ALL</level>
  <class>dssat.DSSATMain</class>
  <method>initCropInfo</method>
  <thread>14</thread>
  <message>Initialized crop information.</message>
</record>
<record>
  <date>2015-12-21T17:55:40</date>
  <millis>1450738540290</millis>
  <sequence>27</sequence>
  <logger>dssat.DSSATMain</logger>
  <level>ALL</level>
  <class>dssat.DSSATMain</class>
  <method>initCultivar</method>
  <thread>14</thread>
  <message>Initializing cultivar information.</message>
</record>
<record>
  <date>2015-12-21T17:55:40</date>
  <millis>1450738540306</millis>
  <sequence>28</sequence>
  <logger>dssat.DSSATMain</logger>
  <level>ALL</level>
  <class>dssat.DSSATMain</class>
  <method>initCultivar</method>
  <thread>14</thread>
  <message>Initialized cultivar information.</message>
</record>
<record>
  <date>2015-12-21T17:55:40</date>
  <millis>1450738540306</millis>
  <sequence>29</sequence>
  <logger>dssat.DSSATMain</logger>
  <level>ALL</level>
  <class>dssat.DSSATMain</class>
  <method>initFertInfo</method>
  <thread>14</thread>
  <message>Initializing fertilization information.</message>
</record>
<record>
  <date>2015-12-21T17:55:40</date>
  <millis>1450738540306</millis>
  <sequence>30</sequence>
  <logger>dssat.DSSATMain</logger>
  <level>ALL</level>
  <class>dssat.DSSATMain</class>
  <method>initFertInfo</method>
  <thread>14</thread>
  <message>Initializing Fertilizer info from /properties/csv/dssat_codelookup.csv</message>
</record>
<record>
  <date>2015-12-21T17:55:40</date>
  <millis>1450738540447</millis>
  <sequence>31</sequence>
  <logger>dssat.DSSATMain</logger>
  <level>ALL</level>
  <class>dssat.DSSATMain</class>
  <method>initFertInfo</method>
  <thread>14</thread>
  <message>Initialized Fertilization Information</message>
</record>
<record>
  <date>2015-12-21T17:55:40</date>
  <millis>1450738540447</millis>
  <sequence>32</sequence>
  <logger>dssat.DSSATMain</logger>
  <level>ALL</level>
  <class>dssat.DSSATMain</class>
  <method>initFrameSize</method>
  <thread>14</thread>
  <message>Initializing frame size.</message>
</record>
<record>
  <date>2015-12-21T17:55:40</date>
  <millis>1450738540493</millis>
  <sequence>33</sequence>
  <logger>dssat.DSSATMain</logger>
  <level>ALL</level>
  <class>dssat.DSSATMain</class>
  <method>initFrameSize</method>
  <thread>14</thread>
  <message>Initialized frame size</message>
</record>
<record>
  <date>2015-12-21T17:55:40</date>
  <millis>1450738540493</millis>
  <sequence>34</sequence>
  <logger>dssat.DSSATMain</logger>
  <level>ALL</level>
  <class>dssat.CSVFileHandler</class>
  <method>ReadSitesFile</method>
  <thread>14</thread>
  <message>Initializing the data from sites file.</message>
</record>
<record>
  <date>2015-12-21T17:55:40</date>
  <millis>1450738540493</millis>
  <sequence>35</sequence>
  <logger>dssat.DSSATMain</logger>
  <level>ALL</level>
  <class>dssat.CSVFileHandler</class>
  <method>ReadSitesFile</method>
  <thread>14</thread>
  <message>Initializing the data from sites file.</message>
</record>
<record>
  <date>2015-12-21T17:55:40</date>
  <millis>1450738540493</millis>
  <sequence>36</sequence>
  <logger>dssat.DSSATMain</logger>
  <level>ALL</level>
  <class>dssat.DSSATMain</class>
  <method>&lt;init&gt;</method>
  <thread>14</thread>
  <message>Application Initialized.</message>
</record>
</log>
